#
# There is insufficient memory for the Java Runtime Environment to continue.
# Native memory allocation (malloc) failed to allocate 32744 bytes for ChunkPool::allocate
# Possible reasons:
#   The system is out of physical RAM or swap space
#   The process is running with CompressedOops enabled, and the Java Heap may be blocking the growth of the native heap
# Possible solutions:
#   Reduce memory load on the system
#   Increase physical memory or swap space
#   Check if swap backing store is full
#   Decrease Java heap size (-Xmx/-Xms)
#   Decrease number of Java threads
#   Decrease Java thread stack sizes (-Xss)
#   Set larger code cache with -XX:ReservedCodeCacheSize=
#   JVM is running with Zero Based Compressed Oops mode in which the Java heap is
#     placed in the first 32GB address space. The Java Heap base address is the
#     maximum limit for the native heap growth. Please use -XX:HeapBaseMinAddress
#     to set the Java Heap base and to place the Java Heap above 32GB virtual address.
# This output file may be truncated or incomplete.
#
#  Out of Memory Error (t:/workspace/open/src/hotspot/share/memory/arena.cpp:81), pid=17168, tid=2264
#
# JRE version: Java(TM) SE Runtime Environment (11.0.3+12) (build 11.0.3+12-LTS)
# Java VM: Java HotSpot(TM) 64-Bit Server VM (11.0.3+12-LTS, mixed mode, tiered, compressed oops, g1 gc, windows-amd64)
# No core dump will be written. Minidumps are not enabled by default on client versions of Windows
#

---------------  S U M M A R Y ------------

Command Line: -javaagent:C:\Program Files\JetBrains\IntelliJ_IDEA_Community_Edition_2020-1\lib\idea_rt.jar=7597:C:\Program Files\JetBrains\IntelliJ_IDEA_Community_Edition_2020-1\bin -Dfile.encoding=UTF-8 hu.elte.bplus_tree.BplusTreeApplication

Host: Intel(R) Core(TM) i7-9750H CPU @ 2.60GHz, 12 cores, 15G,  Windows 10 , 64 bit Build 18362 (10.0.18362.1082)
Time: Sun Oct 11 21:58:23 2020 Közép-európai nyári ido  elapsed time: 41 seconds (0d 0h 0m 41s)

---------------  T H R E A D  ---------------

Current thread (0x000002977f8f7000):  JavaThread "C2 CompilerThread0" daemon [_thread_in_vm, id=2264, stack(0x000000a383500000,0x000000a383600000)]


Current CompileTask:
C2:  41570 5640   !   4       org.springframework.util.ConcurrentReferenceHashMap$Segment::restructureIfNecessary (367 bytes)

Stack: [0x000000a383500000,0x000000a383600000]
Native frames: (J=compiled Java code, j=interpreted, Vv=VM code, C=native code)
V  [jvm.dll+0x63582a]
V  [jvm.dll+0x77360f]
V  [jvm.dll+0x774cba]
V  [jvm.dll+0x775373]
V  [jvm.dll+0x25e9c8]
V  [jvm.dll+0xc23fb]
V  [jvm.dll+0xc275c]
V  [jvm.dll+0x1c594b]
V  [jvm.dll+0x1b0ed6]
V  [jvm.dll+0x1b1909]
V  [jvm.dll+0x1b1682]
V  [jvm.dll+0x1c96ea]
V  [jvm.dll+0x1bba83]
V  [jvm.dll+0x649f14]
V  [jvm.dll+0x648325]
V  [jvm.dll+0x196ebc]
V  [jvm.dll+0x2ce746]
V  [jvm.dll+0x653e18]
V  [jvm.dll+0x64b42b]
V  [jvm.dll+0x64aa42]
V  [jvm.dll+0x648667]
V  [jvm.dll+0x196ebc]
V  [jvm.dll+0x2ce746]
V  [jvm.dll+0x653e18]
V  [jvm.dll+0x64b42b]
V  [jvm.dll+0x64aa42]
V  [jvm.dll+0x648667]
V  [jvm.dll+0x196ebc]
V  [jvm.dll+0x2176bb]
V  [jvm.dll+0x194300]
V  [jvm.dll+0x2269df]
V  [jvm.dll+0x224fe8]
V  [jvm.dll+0x738aed]
V  [jvm.dll+0x6348c2]
C  [ucrtbase.dll+0x20e82]
C  [KERNEL32.DLL+0x17bd4]
C  [ntdll.dll+0x6ce51]


---------------  P R O C E S S  ---------------

Threads class SMR info:
_java_thread_list=0x0000029722ea9c20, length=29, elements={
0x000002977f873800, 0x000002977f877000, 0x000002977f8f1800, 0x000002977f8f2800,
0x000002977f8f7000, 0x000002977f900800, 0x000002977f922000, 0x000002977fa9f800,
0x000002971d426000, 0x000002971d407800, 0x0000029721dc4000, 0x0000029721dc3800,
0x0000029721dc2800, 0x0000029721dc5000, 0x0000029720f6d800, 0x0000029720f68800,
0x0000029720f67800, 0x0000029720f6a000, 0x0000029720f6e000, 0x0000029720f6f000,
0x0000029720f69800, 0x0000029720f74000, 0x0000029720f71800, 0x0000029720f75000,
0x0000029720f70000, 0x0000029720f76800, 0x0000029720f75800, 0x0000029720f72800,
0x0000029720f70800
}

Java Threads: ( => current thread )
  0x000002977f873800 JavaThread "Reference Handler" daemon [_thread_blocked, id=13336, stack(0x000000a383100000,0x000000a383200000)]
  0x000002977f877000 JavaThread "Finalizer" daemon [_thread_blocked, id=10572, stack(0x000000a383200000,0x000000a383300000)]
  0x000002977f8f1800 JavaThread "Signal Dispatcher" daemon [_thread_blocked, id=11400, stack(0x000000a383300000,0x000000a383400000)]
  0x000002977f8f2800 JavaThread "Attach Listener" daemon [_thread_blocked, id=13096, stack(0x000000a383400000,0x000000a383500000)]
=>0x000002977f8f7000 JavaThread "C2 CompilerThread0" daemon [_thread_in_vm, id=2264, stack(0x000000a383500000,0x000000a383600000)]
  0x000002977f900800 JavaThread "C1 CompilerThread0" daemon [_thread_blocked, id=8380, stack(0x000000a383600000,0x000000a383700000)]
  0x000002977f922000 JavaThread "Sweeper thread" daemon [_thread_blocked, id=3920, stack(0x000000a383700000,0x000000a383800000)]
  0x000002977fa9f800 JavaThread "Common-Cleaner" daemon [_thread_blocked, id=2088, stack(0x000000a383800000,0x000000a383900000)]
  0x000002971d426000 JavaThread "Monitor Ctrl-Break" daemon [_thread_in_native, id=12996, stack(0x000000a383a00000,0x000000a383b00000)]
  0x000002971d407800 JavaThread "Service Thread" daemon [_thread_blocked, id=5052, stack(0x000000a383b00000,0x000000a383c00000)]
  0x0000029721dc4000 JavaThread "Catalina-utility-1" [_thread_blocked, id=15092, stack(0x000000a384500000,0x000000a384600000)]
  0x0000029721dc3800 JavaThread "Catalina-utility-2" [_thread_blocked, id=16916, stack(0x000000a384a00000,0x000000a384b00000)]
  0x0000029721dc2800 JavaThread "container-0" [_thread_blocked, id=4976, stack(0x000000a384b00000,0x000000a384c00000)]
  0x0000029721dc5000 JavaThread "HikariPool-1 housekeeper" daemon [_thread_blocked, id=18420, stack(0x000000a384e00000,0x000000a384f00000)]
  0x0000029720f6d800 JavaThread "Live Reload Server" daemon [_thread_in_native, id=13868, stack(0x000000a385100000,0x000000a385200000)]
  0x0000029720f68800 JavaThread "http-nio-8080-BlockPoller" daemon [_thread_in_native, id=17248, stack(0x000000a385200000,0x000000a385300000)]
  0x0000029720f67800 JavaThread "http-nio-8080-exec-1" daemon [_thread_blocked, id=7824, stack(0x000000a385300000,0x000000a385400000)]
  0x0000029720f6a000 JavaThread "http-nio-8080-exec-2" daemon [_thread_blocked, id=11780, stack(0x000000a385400000,0x000000a385500000)]
  0x0000029720f6e000 JavaThread "http-nio-8080-exec-3" daemon [_thread_blocked, id=13500, stack(0x000000a385500000,0x000000a385600000)]
  0x0000029720f6f000 JavaThread "http-nio-8080-exec-4" daemon [_thread_blocked, id=12716, stack(0x000000a385600000,0x000000a385700000)]
  0x0000029720f69800 JavaThread "http-nio-8080-exec-5" daemon [_thread_blocked, id=6056, stack(0x000000a385700000,0x000000a385800000)]
  0x0000029720f74000 JavaThread "http-nio-8080-exec-6" daemon [_thread_blocked, id=10388, stack(0x000000a385800000,0x000000a385900000)]
  0x0000029720f71800 JavaThread "http-nio-8080-exec-7" daemon [_thread_blocked, id=7256, stack(0x000000a385900000,0x000000a385a00000)]
  0x0000029720f75000 JavaThread "http-nio-8080-exec-8" daemon [_thread_blocked, id=12300, stack(0x000000a385a00000,0x000000a385b00000)]
  0x0000029720f70000 JavaThread "http-nio-8080-exec-9" daemon [_thread_blocked, id=2828, stack(0x000000a385b00000,0x000000a385c00000)]
  0x0000029720f76800 JavaThread "http-nio-8080-exec-10" daemon [_thread_blocked, id=18416, stack(0x000000a385c00000,0x000000a385d00000)]
  0x0000029720f75800 JavaThread "http-nio-8080-ClientPoller" daemon [_thread_in_native, id=17484, stack(0x000000a385d00000,0x000000a385e00000)]
  0x0000029720f72800 JavaThread "http-nio-8080-Acceptor" daemon [_thread_in_native, id=13956, stack(0x000000a385e00000,0x000000a385f00000)]
  0x0000029720f70800 JavaThread "DestroyJavaVM" [_thread_blocked, id=1520, stack(0x000000a382a00000,0x000000a382b00000)]

Other Threads:
  0x000002977efed800 VMThread "VM Thread" [stack: 0x000000a383000000,0x000000a383100000] [id=17616]
  0x000002971d409000 WatcherThread [stack: 0x000000a383c00000,0x000000a383d00000] [id=14740]
  0x0000029778481800 GCTaskThread "GC Thread#0" [stack: 0x000000a382b00000,0x000000a382c00000] [id=11620]
  0x000002971d77d000 GCTaskThread "GC Thread#1" [stack: 0x000000a383e00000,0x000000a383f00000] [id=13724]
  0x000002971d78e000 GCTaskThread "GC Thread#2" [stack: 0x000000a383f00000,0x000000a384000000] [id=15400]
  0x000002971d885800 GCTaskThread "GC Thread#3" [stack: 0x000000a384000000,0x000000a384100000] [id=11272]
  0x000002971d82f800 GCTaskThread "GC Thread#4" [stack: 0x000000a384100000,0x000000a384200000] [id=14692]
  0x000002971de0f800 GCTaskThread "GC Thread#5" [stack: 0x000000a384200000,0x000000a384300000] [id=14540]
  0x000002971e650000 GCTaskThread "GC Thread#6" [stack: 0x000000a384600000,0x000000a384700000] [id=4008]
  0x000002971e57b800 GCTaskThread "GC Thread#7" [stack: 0x000000a384700000,0x000000a384800000] [id=13708]
  0x0000029720f67000 GCTaskThread "GC Thread#8" [stack: 0x000000a384c00000,0x000000a384d00000] [id=14576]
  0x000002972223d000 GCTaskThread "GC Thread#9" [stack: 0x000000a384d00000,0x000000a384e00000] [id=8228]
  0x00000297784df800 ConcurrentGCThread "G1 Main Marker" [stack: 0x000000a382c00000,0x000000a382d00000] [id=15156]
  0x00000297784e1800 ConcurrentGCThread "G1 Conc#0" [stack: 0x000000a382d00000,0x000000a382e00000] [id=14316]
  0x000002971e972800 ConcurrentGCThread "G1 Conc#1" [stack: 0x000000a384800000,0x000000a384900000] [id=8304]
  0x000002971eb74800 ConcurrentGCThread "G1 Conc#2" [stack: 0x000000a384900000,0x000000a384a00000] [id=4888]
  0x000002977eed2000 ConcurrentGCThread "G1 Refine#0" [stack: 0x000000a382e00000,0x000000a382f00000] [id=8012]
  0x000002977eed3000 ConcurrentGCThread "G1 Young RemSet Sampling" [stack: 0x000000a382f00000,0x000000a383000000] [id=17128]

Threads with active compile tasks:
C2 CompilerThread05640   !   4       org.springframework.util.ConcurrentReferenceHashMap$Segment::restructureIfNecessary (367 bytes)

VM state:not at safepoint (normal execution)

VM Mutex/Monitor currently owned by a thread: None

OutOfMemory and StackOverflow Exception counts:
StackOverflowErrors=1
LinkageErrors=66

Heap address: 0x0000000701400000, size: 4076 MB, Compressed Oops mode: Zero based, Oop shift amount: 3
Narrow klass base: 0x0000000800000000, Narrow klass shift: 0
Compressed class space size: 1073741824 Address: 0x0000000800000000

Heap:
 garbage-first heap   total 315392K, used 134148K [0x0000000701400000, 0x0000000800000000)
  region size 1024K, 122 young (124928K), 12 survivors (12288K)
 Metaspace       used 68944K, capacity 70506K, committed 70816K, reserved 1110016K
  class space    used 8779K, capacity 9370K, committed 9460K, reserved 1048576K
Heap Regions: E=young(eden), S=young(survivor), O=old, HS=humongous(starts), HC=humongous(continues), CS=collection set, F=free, A=archive, TAMS=top-at-mark-start (previous, next)
|   0|0x0000000701400000, 0x0000000701500000, 0x0000000701500000|100%|HS|  |TAMS 0x0000000701500000, 0x0000000701400000| Complete 
|   1|0x0000000701500000, 0x0000000701600000, 0x0000000701600000|100%| O|  |TAMS 0x0000000701600000, 0x0000000701500000| Untracked 
|   2|0x0000000701600000, 0x0000000701700000, 0x0000000701700000|100%| O|  |TAMS 0x0000000701700000, 0x0000000701600000| Untracked 
|   3|0x0000000701700000, 0x0000000701800000, 0x0000000701800000|100%| O|  |TAMS 0x0000000701800000, 0x0000000701700000| Untracked 
|   4|0x0000000701800000, 0x0000000701900000, 0x0000000701900000|100%| O|  |TAMS 0x0000000701900000, 0x0000000701800000| Untracked 
|   5|0x0000000701900000, 0x0000000701a00000, 0x0000000701a00000|100%| O|  |TAMS 0x0000000701a00000, 0x0000000701900000| Untracked 
|   6|0x0000000701a00000, 0x0000000701b00000, 0x0000000701b00000|100%| O|  |TAMS 0x0000000701b00000, 0x0000000701a00000| Untracked 
|   7|0x0000000701b00000, 0x0000000701c00000, 0x0000000701c00000|100%| O|  |TAMS 0x0000000701c00000, 0x0000000701b00000| Untracked 
|   8|0x0000000701c00000, 0x0000000701d00000, 0x0000000701d00000|100%| O|  |TAMS 0x0000000701d00000, 0x0000000701c00000| Untracked 
|   9|0x0000000701d00000, 0x0000000701e00000, 0x0000000701e00000|100%| O|  |TAMS 0x0000000701e00000, 0x0000000701d00000| Untracked 
|  10|0x0000000701e00000, 0x0000000701e55400, 0x0000000701f00000| 33%| O|  |TAMS 0x0000000701e55400, 0x0000000701e00000| Untracked 
|  11|0x0000000701f00000, 0x0000000701f00000, 0x0000000702000000|  0%| F|  |TAMS 0x0000000701f00000, 0x0000000701f00000| Untracked 
|  12|0x0000000702000000, 0x0000000702000000, 0x0000000702100000|  0%| F|  |TAMS 0x0000000702000000, 0x0000000702000000| Untracked 
|  13|0x0000000702100000, 0x0000000702100000, 0x0000000702200000|  0%| F|  |TAMS 0x0000000702100000, 0x0000000702100000| Untracked 
|  14|0x0000000702200000, 0x0000000702200000, 0x0000000702300000|  0%| F|  |TAMS 0x0000000702200000, 0x0000000702200000| Untracked 
|  15|0x0000000702300000, 0x0000000702300000, 0x0000000702400000|  0%| F|  |TAMS 0x0000000702300000, 0x0000000702300000| Untracked 
|  16|0x0000000702400000, 0x0000000702400000, 0x0000000702500000|  0%| F|  |TAMS 0x0000000702400000, 0x0000000702400000| Untracked 
|  17|0x0000000702500000, 0x0000000702500000, 0x0000000702600000|  0%| F|  |TAMS 0x0000000702500000, 0x0000000702500000| Untracked 
|  18|0x0000000702600000, 0x0000000702600000, 0x0000000702700000|  0%| F|  |TAMS 0x0000000702600000, 0x0000000702600000| Untracked 
|  19|0x0000000702700000, 0x0000000702700000, 0x0000000702800000|  0%| F|  |TAMS 0x0000000702700000, 0x0000000702700000| Untracked 
|  20|0x0000000702800000, 0x0000000702800000, 0x0000000702900000|  0%| F|  |TAMS 0x0000000702800000, 0x0000000702800000| Untracked 
|  21|0x0000000702900000, 0x0000000702900000, 0x0000000702a00000|  0%| F|  |TAMS 0x0000000702900000, 0x0000000702900000| Untracked 
|  22|0x0000000702a00000, 0x0000000702a00000, 0x0000000702b00000|  0%| F|  |TAMS 0x0000000702a00000, 0x0000000702a00000| Untracked 
|  23|0x0000000702b00000, 0x0000000702b00000, 0x0000000702c00000|  0%| F|  |TAMS 0x0000000702b00000, 0x0000000702b00000| Untracked 
|  24|0x0000000702c00000, 0x0000000702c00000, 0x0000000702d00000|  0%| F|  |TAMS 0x0000000702c00000, 0x0000000702c00000| Untracked 
|  25|0x0000000702d00000, 0x0000000702d00000, 0x0000000702e00000|  0%| F|  |TAMS 0x0000000702d00000, 0x0000000702d00000| Untracked 
|  26|0x0000000702e00000, 0x0000000702e00000, 0x0000000702f00000|  0%| F|  |TAMS 0x0000000702e00000, 0x0000000702e00000| Untracked 
|  27|0x0000000702f00000, 0x0000000702f00000, 0x0000000703000000|  0%| F|  |TAMS 0x0000000702f00000, 0x0000000702f00000| Untracked 
|  28|0x0000000703000000, 0x0000000703000000, 0x0000000703100000|  0%| F|  |TAMS 0x0000000703000000, 0x0000000703000000| Untracked 
|  29|0x0000000703100000, 0x0000000703100000, 0x0000000703200000|  0%| F|  |TAMS 0x0000000703100000, 0x0000000703100000| Untracked 
|  30|0x0000000703200000, 0x0000000703200000, 0x0000000703300000|  0%| F|  |TAMS 0x0000000703200000, 0x0000000703200000| Untracked 
|  31|0x0000000703300000, 0x0000000703300000, 0x0000000703400000|  0%| F|  |TAMS 0x0000000703300000, 0x0000000703300000| Untracked 
|  32|0x0000000703400000, 0x0000000703400000, 0x0000000703500000|  0%| F|  |TAMS 0x0000000703400000, 0x0000000703400000| Untracked 
|  33|0x0000000703500000, 0x0000000703500000, 0x0000000703600000|  0%| F|  |TAMS 0x0000000703500000, 0x0000000703500000| Untracked 
|  34|0x0000000703600000, 0x0000000703600000, 0x0000000703700000|  0%| F|  |TAMS 0x0000000703600000, 0x0000000703600000| Untracked 
|  35|0x0000000703700000, 0x0000000703700000, 0x0000000703800000|  0%| F|  |TAMS 0x0000000703700000, 0x0000000703700000| Untracked 
|  36|0x0000000703800000, 0x0000000703800000, 0x0000000703900000|  0%| F|  |TAMS 0x0000000703800000, 0x0000000703800000| Untracked 
|  37|0x0000000703900000, 0x0000000703900000, 0x0000000703a00000|  0%| F|  |TAMS 0x0000000703900000, 0x0000000703900000| Untracked 
|  38|0x0000000703a00000, 0x0000000703a00000, 0x0000000703b00000|  0%| F|  |TAMS 0x0000000703a00000, 0x0000000703a00000| Untracked 
|  39|0x0000000703b00000, 0x0000000703b00000, 0x0000000703c00000|  0%| F|  |TAMS 0x0000000703b00000, 0x0000000703b00000| Untracked 
|  40|0x0000000703c00000, 0x0000000703c00000, 0x0000000703d00000|  0%| F|  |TAMS 0x0000000703c00000, 0x0000000703c00000| Untracked 
|  41|0x0000000703d00000, 0x0000000703d00000, 0x0000000703e00000|  0%| F|  |TAMS 0x0000000703d00000, 0x0000000703d00000| Untracked 
|  42|0x0000000703e00000, 0x0000000703e00000, 0x0000000703f00000|  0%| F|  |TAMS 0x0000000703e00000, 0x0000000703e00000| Untracked 
|  43|0x0000000703f00000, 0x0000000703f00000, 0x0000000704000000|  0%| F|  |TAMS 0x0000000703f00000, 0x0000000703f00000| Untracked 
|  44|0x0000000704000000, 0x0000000704000000, 0x0000000704100000|  0%| F|  |TAMS 0x0000000704000000, 0x0000000704000000| Untracked 
|  45|0x0000000704100000, 0x0000000704100000, 0x0000000704200000|  0%| F|  |TAMS 0x0000000704100000, 0x0000000704100000| Untracked 
|  46|0x0000000704200000, 0x0000000704200000, 0x0000000704300000|  0%| F|  |TAMS 0x0000000704200000, 0x0000000704200000| Untracked 
|  47|0x0000000704300000, 0x0000000704300000, 0x0000000704400000|  0%| F|  |TAMS 0x0000000704300000, 0x0000000704300000| Untracked 
|  48|0x0000000704400000, 0x0000000704400000, 0x0000000704500000|  0%| F|  |TAMS 0x0000000704400000, 0x0000000704400000| Untracked 
|  49|0x0000000704500000, 0x0000000704500000, 0x0000000704600000|  0%| F|  |TAMS 0x0000000704500000, 0x0000000704500000| Untracked 
|  50|0x0000000704600000, 0x0000000704600000, 0x0000000704700000|  0%| F|  |TAMS 0x0000000704600000, 0x0000000704600000| Untracked 
|  51|0x0000000704700000, 0x0000000704700000, 0x0000000704800000|  0%| F|  |TAMS 0x0000000704700000, 0x0000000704700000| Untracked 
|  52|0x0000000704800000, 0x0000000704800000, 0x0000000704900000|  0%| F|  |TAMS 0x0000000704800000, 0x0000000704800000| Untracked 
|  53|0x0000000704900000, 0x0000000704900000, 0x0000000704a00000|  0%| F|  |TAMS 0x0000000704900000, 0x0000000704900000| Untracked 
|  54|0x0000000704a00000, 0x0000000704a00000, 0x0000000704b00000|  0%| F|  |TAMS 0x0000000704a00000, 0x0000000704a00000| Untracked 
|  55|0x0000000704b00000, 0x0000000704b00000, 0x0000000704c00000|  0%| F|  |TAMS 0x0000000704b00000, 0x0000000704b00000| Untracked 
|  56|0x0000000704c00000, 0x0000000704c00000, 0x0000000704d00000|  0%| F|  |TAMS 0x0000000704c00000, 0x0000000704c00000| Untracked 
|  57|0x0000000704d00000, 0x0000000704d00000, 0x0000000704e00000|  0%| F|  |TAMS 0x0000000704d00000, 0x0000000704d00000| Untracked 
|  58|0x0000000704e00000, 0x0000000704e00000, 0x0000000704f00000|  0%| F|  |TAMS 0x0000000704e00000, 0x0000000704e00000| Untracked 
|  59|0x0000000704f00000, 0x0000000704f00000, 0x0000000705000000|  0%| F|  |TAMS 0x0000000704f00000, 0x0000000704f00000| Untracked 
|  60|0x0000000705000000, 0x0000000705000000, 0x0000000705100000|  0%| F|  |TAMS 0x0000000705000000, 0x0000000705000000| Untracked 
|  61|0x0000000705100000, 0x0000000705100000, 0x0000000705200000|  0%| F|  |TAMS 0x0000000705100000, 0x0000000705100000| Untracked 
|  62|0x0000000705200000, 0x0000000705200000, 0x0000000705300000|  0%| F|  |TAMS 0x0000000705200000, 0x0000000705200000| Untracked 
|  63|0x0000000705300000, 0x0000000705300000, 0x0000000705400000|  0%| F|  |TAMS 0x0000000705300000, 0x0000000705300000| Untracked 
|  64|0x0000000705400000, 0x0000000705400000, 0x0000000705500000|  0%| F|  |TAMS 0x0000000705400000, 0x0000000705400000| Untracked 
|  65|0x0000000705500000, 0x0000000705500000, 0x0000000705600000|  0%| F|  |TAMS 0x0000000705500000, 0x0000000705500000| Untracked 
|  66|0x0000000705600000, 0x0000000705600000, 0x0000000705700000|  0%| F|  |TAMS 0x0000000705600000, 0x0000000705600000| Untracked 
|  67|0x0000000705700000, 0x0000000705700000, 0x0000000705800000|  0%| F|  |TAMS 0x0000000705700000, 0x0000000705700000| Untracked 
|  68|0x0000000705800000, 0x0000000705800000, 0x0000000705900000|  0%| F|  |TAMS 0x0000000705800000, 0x0000000705800000| Untracked 
|  69|0x0000000705900000, 0x0000000705900000, 0x0000000705a00000|  0%| F|  |TAMS 0x0000000705900000, 0x0000000705900000| Untracked 
|  70|0x0000000705a00000, 0x0000000705a00000, 0x0000000705b00000|  0%| F|  |TAMS 0x0000000705a00000, 0x0000000705a00000| Untracked 
|  71|0x0000000705b00000, 0x0000000705b00000, 0x0000000705c00000|  0%| F|  |TAMS 0x0000000705b00000, 0x0000000705b00000| Untracked 
|  72|0x0000000705c00000, 0x0000000705c00000, 0x0000000705d00000|  0%| F|  |TAMS 0x0000000705c00000, 0x0000000705c00000| Untracked 
|  73|0x0000000705d00000, 0x0000000705d00000, 0x0000000705e00000|  0%| F|  |TAMS 0x0000000705d00000, 0x0000000705d00000| Untracked 
|  74|0x0000000705e00000, 0x0000000705e00000, 0x0000000705f00000|  0%| F|  |TAMS 0x0000000705e00000, 0x0000000705e00000| Untracked 
|  75|0x0000000705f00000, 0x0000000705f00000, 0x0000000706000000|  0%| F|  |TAMS 0x0000000705f00000, 0x0000000705f00000| Untracked 
|  76|0x0000000706000000, 0x0000000706000000, 0x0000000706100000|  0%| F|  |TAMS 0x0000000706000000, 0x0000000706000000| Untracked 
|  77|0x0000000706100000, 0x0000000706100000, 0x0000000706200000|  0%| F|  |TAMS 0x0000000706100000, 0x0000000706100000| Untracked 
|  78|0x0000000706200000, 0x0000000706200000, 0x0000000706300000|  0%| F|  |TAMS 0x0000000706200000, 0x0000000706200000| Untracked 
|  79|0x0000000706300000, 0x0000000706300000, 0x0000000706400000|  0%| F|  |TAMS 0x0000000706300000, 0x0000000706300000| Untracked 
|  80|0x0000000706400000, 0x0000000706400000, 0x0000000706500000|  0%| F|  |TAMS 0x0000000706400000, 0x0000000706400000| Untracked 
|  81|0x0000000706500000, 0x0000000706500000, 0x0000000706600000|  0%| F|  |TAMS 0x0000000706500000, 0x0000000706500000| Untracked 
|  82|0x0000000706600000, 0x0000000706600000, 0x0000000706700000|  0%| F|  |TAMS 0x0000000706600000, 0x0000000706600000| Untracked 
|  83|0x0000000706700000, 0x0000000706700000, 0x0000000706800000|  0%| F|  |TAMS 0x0000000706700000, 0x0000000706700000| Untracked 
|  84|0x0000000706800000, 0x0000000706800000, 0x0000000706900000|  0%| F|  |TAMS 0x0000000706800000, 0x0000000706800000| Untracked 
|  85|0x0000000706900000, 0x0000000706900000, 0x0000000706a00000|  0%| F|  |TAMS 0x0000000706900000, 0x0000000706900000| Untracked 
|  86|0x0000000706a00000, 0x0000000706a00000, 0x0000000706b00000|  0%| F|  |TAMS 0x0000000706a00000, 0x0000000706a00000| Untracked 
|  87|0x0000000706b00000, 0x0000000706b00000, 0x0000000706c00000|  0%| F|  |TAMS 0x0000000706b00000, 0x0000000706b00000| Untracked 
|  88|0x0000000706c00000, 0x0000000706c00000, 0x0000000706d00000|  0%| F|  |TAMS 0x0000000706c00000, 0x0000000706c00000| Untracked 
|  89|0x0000000706d00000, 0x0000000706d00000, 0x0000000706e00000|  0%| F|  |TAMS 0x0000000706d00000, 0x0000000706d00000| Untracked 
|  90|0x0000000706e00000, 0x0000000706e00000, 0x0000000706f00000|  0%| F|  |TAMS 0x0000000706e00000, 0x0000000706e00000| Untracked 
|  91|0x0000000706f00000, 0x0000000706f00000, 0x0000000707000000|  0%| F|  |TAMS 0x0000000706f00000, 0x0000000706f00000| Untracked 
|  92|0x0000000707000000, 0x0000000707000000, 0x0000000707100000|  0%| F|  |TAMS 0x0000000707000000, 0x0000000707000000| Untracked 
|  93|0x0000000707100000, 0x0000000707100000, 0x0000000707200000|  0%| F|  |TAMS 0x0000000707100000, 0x0000000707100000| Untracked 
|  94|0x0000000707200000, 0x0000000707200000, 0x0000000707300000|  0%| F|  |TAMS 0x0000000707200000, 0x0000000707200000| Untracked 
|  95|0x0000000707300000, 0x0000000707300000, 0x0000000707400000|  0%| F|  |TAMS 0x0000000707300000, 0x0000000707300000| Untracked 
|  96|0x0000000707400000, 0x0000000707400000, 0x0000000707500000|  0%| F|  |TAMS 0x0000000707400000, 0x0000000707400000| Untracked 
|  97|0x0000000707500000, 0x0000000707500000, 0x0000000707600000|  0%| F|  |TAMS 0x0000000707500000, 0x0000000707500000| Untracked 
|  98|0x0000000707600000, 0x0000000707600000, 0x0000000707700000|  0%| F|  |TAMS 0x0000000707600000, 0x0000000707600000| Untracked 
|  99|0x0000000707700000, 0x0000000707700000, 0x0000000707800000|  0%| F|  |TAMS 0x0000000707700000, 0x0000000707700000| Untracked 
| 100|0x0000000707800000, 0x0000000707800000, 0x0000000707900000|  0%| F|  |TAMS 0x0000000707800000, 0x0000000707800000| Untracked 
| 101|0x0000000707900000, 0x0000000707900000, 0x0000000707a00000|  0%| F|  |TAMS 0x0000000707900000, 0x0000000707900000| Untracked 
| 102|0x0000000707a00000, 0x0000000707a00000, 0x0000000707b00000|  0%| F|  |TAMS 0x0000000707a00000, 0x0000000707a00000| Untracked 
| 103|0x0000000707b00000, 0x0000000707b00000, 0x0000000707c00000|  0%| F|  |TAMS 0x0000000707b00000, 0x0000000707b00000| Untracked 
| 104|0x0000000707c00000, 0x0000000707c00000, 0x0000000707d00000|  0%| F|  |TAMS 0x0000000707c00000, 0x0000000707c00000| Untracked 
| 105|0x0000000707d00000, 0x0000000707d00000, 0x0000000707e00000|  0%| F|  |TAMS 0x0000000707d00000, 0x0000000707d00000| Untracked 
| 106|0x0000000707e00000, 0x0000000707e00000, 0x0000000707f00000|  0%| F|  |TAMS 0x0000000707e00000, 0x0000000707e00000| Untracked 
| 107|0x0000000707f00000, 0x0000000707f00000, 0x0000000708000000|  0%| F|  |TAMS 0x0000000707f00000, 0x0000000707f00000| Untracked 
| 108|0x0000000708000000, 0x0000000708000000, 0x0000000708100000|  0%| F|  |TAMS 0x0000000708000000, 0x0000000708000000| Untracked 
| 109|0x0000000708100000, 0x0000000708100000, 0x0000000708200000|  0%| F|  |TAMS 0x0000000708100000, 0x0000000708100000| Untracked 
| 110|0x0000000708200000, 0x0000000708200000, 0x0000000708300000|  0%| F|  |TAMS 0x0000000708200000, 0x0000000708200000| Untracked 
| 111|0x0000000708300000, 0x0000000708300000, 0x0000000708400000|  0%| F|  |TAMS 0x0000000708300000, 0x0000000708300000| Untracked 
| 112|0x0000000708400000, 0x0000000708400000, 0x0000000708500000|  0%| F|  |TAMS 0x0000000708400000, 0x0000000708400000| Untracked 
| 113|0x0000000708500000, 0x0000000708500000, 0x0000000708600000|  0%| F|  |TAMS 0x0000000708500000, 0x0000000708500000| Untracked 
| 114|0x0000000708600000, 0x0000000708600000, 0x0000000708700000|  0%| F|  |TAMS 0x0000000708600000, 0x0000000708600000| Untracked 
| 115|0x0000000708700000, 0x0000000708700000, 0x0000000708800000|  0%| F|  |TAMS 0x0000000708700000, 0x0000000708700000| Untracked 
| 116|0x0000000708800000, 0x0000000708800000, 0x0000000708900000|  0%| F|  |TAMS 0x0000000708800000, 0x0000000708800000| Untracked 
| 117|0x0000000708900000, 0x0000000708900000, 0x0000000708a00000|  0%| F|  |TAMS 0x0000000708900000, 0x0000000708900000| Untracked 
| 118|0x0000000708a00000, 0x0000000708a00000, 0x0000000708b00000|  0%| F|  |TAMS 0x0000000708a00000, 0x0000000708a00000| Untracked 
| 119|0x0000000708b00000, 0x0000000708b00000, 0x0000000708c00000|  0%| F|  |TAMS 0x0000000708b00000, 0x0000000708b00000| Untracked 
| 120|0x0000000708c00000, 0x0000000708c00000, 0x0000000708d00000|  0%| F|  |TAMS 0x0000000708c00000, 0x0000000708c00000| Untracked 
| 121|0x0000000708d00000, 0x0000000708d00000, 0x0000000708e00000|  0%| F|  |TAMS 0x0000000708d00000, 0x0000000708d00000| Untracked 
| 122|0x0000000708e00000, 0x0000000708e00000, 0x0000000708f00000|  0%| F|  |TAMS 0x0000000708e00000, 0x0000000708e00000| Untracked 
| 123|0x0000000708f00000, 0x0000000708f00000, 0x0000000709000000|  0%| F|  |TAMS 0x0000000708f00000, 0x0000000708f00000| Untracked 
| 124|0x0000000709000000, 0x0000000709000000, 0x0000000709100000|  0%| F|  |TAMS 0x0000000709000000, 0x0000000709000000| Untracked 
| 125|0x0000000709100000, 0x0000000709100000, 0x0000000709200000|  0%| F|  |TAMS 0x0000000709100000, 0x0000000709100000| Untracked 
| 126|0x0000000709200000, 0x0000000709200000, 0x0000000709300000|  0%| F|  |TAMS 0x0000000709200000, 0x0000000709200000| Untracked 
| 127|0x0000000709300000, 0x0000000709300000, 0x0000000709400000|  0%| F|  |TAMS 0x0000000709300000, 0x0000000709300000| Untracked 
| 128|0x0000000709400000, 0x0000000709400000, 0x0000000709500000|  0%| F|  |TAMS 0x0000000709400000, 0x0000000709400000| Untracked 
| 129|0x0000000709500000, 0x0000000709500000, 0x0000000709600000|  0%| F|  |TAMS 0x0000000709500000, 0x0000000709500000| Untracked 
| 130|0x0000000709600000, 0x0000000709600000, 0x0000000709700000|  0%| F|  |TAMS 0x0000000709600000, 0x0000000709600000| Untracked 
| 131|0x0000000709700000, 0x0000000709700000, 0x0000000709800000|  0%| F|  |TAMS 0x0000000709700000, 0x0000000709700000| Untracked 
| 132|0x0000000709800000, 0x0000000709800000, 0x0000000709900000|  0%| F|  |TAMS 0x0000000709800000, 0x0000000709800000| Untracked 
| 133|0x0000000709900000, 0x0000000709900000, 0x0000000709a00000|  0%| F|  |TAMS 0x0000000709900000, 0x0000000709900000| Untracked 
| 134|0x0000000709a00000, 0x0000000709a00000, 0x0000000709b00000|  0%| F|  |TAMS 0x0000000709a00000, 0x0000000709a00000| Untracked 
| 135|0x0000000709b00000, 0x0000000709b00000, 0x0000000709c00000|  0%| F|  |TAMS 0x0000000709b00000, 0x0000000709b00000| Untracked 
| 136|0x0000000709c00000, 0x0000000709c00000, 0x0000000709d00000|  0%| F|  |TAMS 0x0000000709c00000, 0x0000000709c00000| Untracked 
| 137|0x0000000709d00000, 0x0000000709d00000, 0x0000000709e00000|  0%| F|  |TAMS 0x0000000709d00000, 0x0000000709d00000| Untracked 
| 138|0x0000000709e00000, 0x0000000709e00000, 0x0000000709f00000|  0%| F|  |TAMS 0x0000000709e00000, 0x0000000709e00000| Untracked 
| 139|0x0000000709f00000, 0x0000000709f00000, 0x000000070a000000|  0%| F|  |TAMS 0x0000000709f00000, 0x0000000709f00000| Untracked 
| 140|0x000000070a000000, 0x000000070a000000, 0x000000070a100000|  0%| F|  |TAMS 0x000000070a000000, 0x000000070a000000| Untracked 
| 141|0x000000070a100000, 0x000000070a100000, 0x000000070a200000|  0%| F|  |TAMS 0x000000070a100000, 0x000000070a100000| Untracked 
| 142|0x000000070a200000, 0x000000070a200000, 0x000000070a300000|  0%| F|  |TAMS 0x000000070a200000, 0x000000070a200000| Untracked 
| 143|0x000000070a300000, 0x000000070a300000, 0x000000070a400000|  0%| F|  |TAMS 0x000000070a300000, 0x000000070a300000| Untracked 
| 144|0x000000070a400000, 0x000000070a400000, 0x000000070a500000|  0%| F|  |TAMS 0x000000070a400000, 0x000000070a400000| Untracked 
| 145|0x000000070a500000, 0x000000070a500000, 0x000000070a600000|  0%| F|  |TAMS 0x000000070a500000, 0x000000070a500000| Untracked 
| 146|0x000000070a600000, 0x000000070a600000, 0x000000070a700000|  0%| F|  |TAMS 0x000000070a600000, 0x000000070a600000| Untracked 
| 147|0x000000070a700000, 0x000000070a700000, 0x000000070a800000|  0%| F|  |TAMS 0x000000070a700000, 0x000000070a700000| Untracked 
| 148|0x000000070a800000, 0x000000070a800000, 0x000000070a900000|  0%| F|  |TAMS 0x000000070a800000, 0x000000070a800000| Untracked 
| 149|0x000000070a900000, 0x000000070a900000, 0x000000070aa00000|  0%| F|  |TAMS 0x000000070a900000, 0x000000070a900000| Untracked 
| 150|0x000000070aa00000, 0x000000070aa00000, 0x000000070ab00000|  0%| F|  |TAMS 0x000000070aa00000, 0x000000070aa00000| Untracked 
| 151|0x000000070ab00000, 0x000000070ab00000, 0x000000070ac00000|  0%| F|  |TAMS 0x000000070ab00000, 0x000000070ab00000| Untracked 
| 152|0x000000070ac00000, 0x000000070ac00000, 0x000000070ad00000|  0%| F|  |TAMS 0x000000070ac00000, 0x000000070ac00000| Untracked 
| 153|0x000000070ad00000, 0x000000070ad00000, 0x000000070ae00000|  0%| F|  |TAMS 0x000000070ad00000, 0x000000070ad00000| Untracked 
| 154|0x000000070ae00000, 0x000000070ae00000, 0x000000070af00000|  0%| F|  |TAMS 0x000000070ae00000, 0x000000070ae00000| Untracked 
| 155|0x000000070af00000, 0x000000070af00000, 0x000000070b000000|  0%| F|  |TAMS 0x000000070af00000, 0x000000070af00000| Untracked 
| 156|0x000000070b000000, 0x000000070b000000, 0x000000070b100000|  0%| F|  |TAMS 0x000000070b000000, 0x000000070b000000| Untracked 
| 157|0x000000070b100000, 0x000000070b100000, 0x000000070b200000|  0%| F|  |TAMS 0x000000070b100000, 0x000000070b100000| Untracked 
| 158|0x000000070b200000, 0x000000070b200000, 0x000000070b300000|  0%| F|  |TAMS 0x000000070b200000, 0x000000070b200000| Untracked 
| 159|0x000000070b300000, 0x000000070b300000, 0x000000070b400000|  0%| F|  |TAMS 0x000000070b300000, 0x000000070b300000| Untracked 
| 160|0x000000070b400000, 0x000000070b400000, 0x000000070b500000|  0%| F|  |TAMS 0x000000070b400000, 0x000000070b400000| Untracked 
| 161|0x000000070b500000, 0x000000070b500000, 0x000000070b600000|  0%| F|  |TAMS 0x000000070b500000, 0x000000070b500000| Untracked 
| 162|0x000000070b600000, 0x000000070b600000, 0x000000070b700000|  0%| F|  |TAMS 0x000000070b600000, 0x000000070b600000| Untracked 
| 163|0x000000070b700000, 0x000000070b700000, 0x000000070b800000|  0%| F|  |TAMS 0x000000070b700000, 0x000000070b700000| Untracked 
| 164|0x000000070b800000, 0x000000070b800000, 0x000000070b900000|  0%| F|  |TAMS 0x000000070b800000, 0x000000070b800000| Untracked 
| 165|0x000000070b900000, 0x000000070b900000, 0x000000070ba00000|  0%| F|  |TAMS 0x000000070b900000, 0x000000070b900000| Untracked 
| 166|0x000000070ba00000, 0x000000070ba00000, 0x000000070bb00000|  0%| F|  |TAMS 0x000000070ba00000, 0x000000070ba00000| Untracked 
| 167|0x000000070bb00000, 0x000000070bb00000, 0x000000070bc00000|  0%| F|  |TAMS 0x000000070bb00000, 0x000000070bb00000| Untracked 
| 168|0x000000070bc00000, 0x000000070bc00000, 0x000000070bd00000|  0%| F|  |TAMS 0x000000070bc00000, 0x000000070bc00000| Untracked 
| 169|0x000000070bd00000, 0x000000070bd00000, 0x000000070be00000|  0%| F|  |TAMS 0x000000070bd00000, 0x000000070bd00000| Untracked 
| 170|0x000000070be00000, 0x000000070be00000, 0x000000070bf00000|  0%| F|  |TAMS 0x000000070be00000, 0x000000070be00000| Untracked 
| 171|0x000000070bf00000, 0x000000070bf00000, 0x000000070c000000|  0%| F|  |TAMS 0x000000070bf00000, 0x000000070bf00000| Untracked 
| 172|0x000000070c000000, 0x000000070c000000, 0x000000070c100000|  0%| F|  |TAMS 0x000000070c000000, 0x000000070c000000| Untracked 
| 173|0x000000070c100000, 0x000000070c100000, 0x000000070c200000|  0%| F|  |TAMS 0x000000070c100000, 0x000000070c100000| Untracked 
| 174|0x000000070c200000, 0x000000070c200000, 0x000000070c300000|  0%| F|  |TAMS 0x000000070c200000, 0x000000070c200000| Untracked 
| 175|0x000000070c300000, 0x000000070c300000, 0x000000070c400000|  0%| F|  |TAMS 0x000000070c300000, 0x000000070c300000| Untracked 
| 176|0x000000070c400000, 0x000000070c400000, 0x000000070c500000|  0%| F|  |TAMS 0x000000070c400000, 0x000000070c400000| Untracked 
| 177|0x000000070c500000, 0x000000070c500000, 0x000000070c600000|  0%| F|  |TAMS 0x000000070c500000, 0x000000070c500000| Untracked 
| 178|0x000000070c600000, 0x000000070c6abea0, 0x000000070c700000| 67%| S|CS|TAMS 0x000000070c600000, 0x000000070c600000| Complete 
| 179|0x000000070c700000, 0x000000070c800000, 0x000000070c800000|100%| S|CS|TAMS 0x000000070c700000, 0x000000070c700000| Complete 
| 180|0x000000070c800000, 0x000000070c900000, 0x000000070c900000|100%| S|CS|TAMS 0x000000070c800000, 0x000000070c800000| Complete 
| 181|0x000000070c900000, 0x000000070ca00000, 0x000000070ca00000|100%| S|CS|TAMS 0x000000070c900000, 0x000000070c900000| Complete 
| 182|0x000000070ca00000, 0x000000070cb00000, 0x000000070cb00000|100%| S|CS|TAMS 0x000000070ca00000, 0x000000070ca00000| Complete 
| 183|0x000000070cb00000, 0x000000070cc00000, 0x000000070cc00000|100%| S|CS|TAMS 0x000000070cb00000, 0x000000070cb00000| Complete 
| 184|0x000000070cc00000, 0x000000070cd00000, 0x000000070cd00000|100%| S|CS|TAMS 0x000000070cc00000, 0x000000070cc00000| Complete 
| 185|0x000000070cd00000, 0x000000070ce00000, 0x000000070ce00000|100%| S|CS|TAMS 0x000000070cd00000, 0x000000070cd00000| Complete 
| 186|0x000000070ce00000, 0x000000070cf00000, 0x000000070cf00000|100%| S|CS|TAMS 0x000000070ce00000, 0x000000070ce00000| Complete 
| 187|0x000000070cf00000, 0x000000070d000000, 0x000000070d000000|100%| S|CS|TAMS 0x000000070cf00000, 0x000000070cf00000| Complete 
| 188|0x000000070d000000, 0x000000070d100000, 0x000000070d100000|100%| S|CS|TAMS 0x000000070d000000, 0x000000070d000000| Complete 
| 189|0x000000070d100000, 0x000000070d200000, 0x000000070d200000|100%| S|CS|TAMS 0x000000070d100000, 0x000000070d100000| Complete 
| 190|0x000000070d200000, 0x000000070d200000, 0x000000070d300000|  0%| F|  |TAMS 0x000000070d200000, 0x000000070d200000| Untracked 
| 191|0x000000070d300000, 0x000000070d300000, 0x000000070d400000|  0%| F|  |TAMS 0x000000070d300000, 0x000000070d300000| Untracked 
| 192|0x000000070d400000, 0x000000070d400000, 0x000000070d500000|  0%| F|  |TAMS 0x000000070d400000, 0x000000070d400000| Untracked 
| 193|0x000000070d500000, 0x000000070d500000, 0x000000070d600000|  0%| F|  |TAMS 0x000000070d500000, 0x000000070d500000| Untracked 
| 194|0x000000070d600000, 0x000000070d600000, 0x000000070d700000|  0%| F|  |TAMS 0x000000070d600000, 0x000000070d600000| Untracked 
| 195|0x000000070d700000, 0x000000070d700000, 0x000000070d800000|  0%| F|  |TAMS 0x000000070d700000, 0x000000070d700000| Untracked 
| 196|0x000000070d800000, 0x000000070d800000, 0x000000070d900000|  0%| F|  |TAMS 0x000000070d800000, 0x000000070d800000| Untracked 
| 197|0x000000070d900000, 0x000000070d900000, 0x000000070da00000|  0%| F|  |TAMS 0x000000070d900000, 0x000000070d900000| Untracked 
| 198|0x000000070da00000, 0x000000070db00000, 0x000000070db00000|100%| E|  |TAMS 0x000000070da00000, 0x000000070da00000| Complete 
| 199|0x000000070db00000, 0x000000070dc00000, 0x000000070dc00000|100%| E|CS|TAMS 0x000000070db00000, 0x000000070db00000| Complete 
| 200|0x000000070dc00000, 0x000000070dd00000, 0x000000070dd00000|100%| E|CS|TAMS 0x000000070dc00000, 0x000000070dc00000| Complete 
| 201|0x000000070dd00000, 0x000000070de00000, 0x000000070de00000|100%| E|CS|TAMS 0x000000070dd00000, 0x000000070dd00000| Complete 
| 202|0x000000070de00000, 0x000000070df00000, 0x000000070df00000|100%| E|CS|TAMS 0x000000070de00000, 0x000000070de00000| Complete 
| 203|0x000000070df00000, 0x000000070e000000, 0x000000070e000000|100%| E|CS|TAMS 0x000000070df00000, 0x000000070df00000| Complete 
| 204|0x000000070e000000, 0x000000070e100000, 0x000000070e100000|100%| E|CS|TAMS 0x000000070e000000, 0x000000070e000000| Complete 
| 205|0x000000070e100000, 0x000000070e200000, 0x000000070e200000|100%| E|CS|TAMS 0x000000070e100000, 0x000000070e100000| Complete 
| 206|0x000000070e200000, 0x000000070e300000, 0x000000070e300000|100%| E|CS|TAMS 0x000000070e200000, 0x000000070e200000| Complete 
| 207|0x000000070e300000, 0x000000070e400000, 0x000000070e400000|100%| E|CS|TAMS 0x000000070e300000, 0x000000070e300000| Complete 
| 208|0x000000070e400000, 0x000000070e500000, 0x000000070e500000|100%| E|CS|TAMS 0x000000070e400000, 0x000000070e400000| Complete 
| 209|0x000000070e500000, 0x000000070e600000, 0x000000070e600000|100%| E|CS|TAMS 0x000000070e500000, 0x000000070e500000| Complete 
| 210|0x000000070e600000, 0x000000070e700000, 0x000000070e700000|100%| E|CS|TAMS 0x000000070e600000, 0x000000070e600000| Complete 
| 211|0x000000070e700000, 0x000000070e800000, 0x000000070e800000|100%| E|CS|TAMS 0x000000070e700000, 0x000000070e700000| Complete 
| 212|0x000000070e800000, 0x000000070e900000, 0x000000070e900000|100%| E|CS|TAMS 0x000000070e800000, 0x000000070e800000| Complete 
| 213|0x000000070e900000, 0x000000070ea00000, 0x000000070ea00000|100%| E|CS|TAMS 0x000000070e900000, 0x000000070e900000| Complete 
| 214|0x000000070ea00000, 0x000000070eb00000, 0x000000070eb00000|100%| E|CS|TAMS 0x000000070ea00000, 0x000000070ea00000| Complete 
| 215|0x000000070eb00000, 0x000000070ec00000, 0x000000070ec00000|100%| E|CS|TAMS 0x000000070eb00000, 0x000000070eb00000| Complete 
| 216|0x000000070ec00000, 0x000000070ed00000, 0x000000070ed00000|100%| E|CS|TAMS 0x000000070ec00000, 0x000000070ec00000| Complete 
| 217|0x000000070ed00000, 0x000000070ee00000, 0x000000070ee00000|100%| E|CS|TAMS 0x000000070ed00000, 0x000000070ed00000| Complete 
| 218|0x000000070ee00000, 0x000000070ef00000, 0x000000070ef00000|100%| E|CS|TAMS 0x000000070ee00000, 0x000000070ee00000| Complete 
| 219|0x000000070ef00000, 0x000000070f000000, 0x000000070f000000|100%| E|CS|TAMS 0x000000070ef00000, 0x000000070ef00000| Complete 
| 220|0x000000070f000000, 0x000000070f100000, 0x000000070f100000|100%| E|CS|TAMS 0x000000070f000000, 0x000000070f000000| Complete 
| 221|0x000000070f100000, 0x000000070f200000, 0x000000070f200000|100%| E|CS|TAMS 0x000000070f100000, 0x000000070f100000| Complete 
| 222|0x000000070f200000, 0x000000070f300000, 0x000000070f300000|100%| E|CS|TAMS 0x000000070f200000, 0x000000070f200000| Complete 
| 223|0x000000070f300000, 0x000000070f400000, 0x000000070f400000|100%| E|CS|TAMS 0x000000070f300000, 0x000000070f300000| Complete 
| 224|0x000000070f400000, 0x000000070f500000, 0x000000070f500000|100%| E|CS|TAMS 0x000000070f400000, 0x000000070f400000| Complete 
| 225|0x000000070f500000, 0x000000070f600000, 0x000000070f600000|100%| E|CS|TAMS 0x000000070f500000, 0x000000070f500000| Complete 
| 226|0x000000070f600000, 0x000000070f700000, 0x000000070f700000|100%| E|CS|TAMS 0x000000070f600000, 0x000000070f600000| Complete 
| 227|0x000000070f700000, 0x000000070f800000, 0x000000070f800000|100%| E|CS|TAMS 0x000000070f700000, 0x000000070f700000| Complete 
| 228|0x000000070f800000, 0x000000070f900000, 0x000000070f900000|100%| E|CS|TAMS 0x000000070f800000, 0x000000070f800000| Complete 
| 229|0x000000070f900000, 0x000000070fa00000, 0x000000070fa00000|100%| E|CS|TAMS 0x000000070f900000, 0x000000070f900000| Complete 
| 230|0x000000070fa00000, 0x000000070fb00000, 0x000000070fb00000|100%| E|CS|TAMS 0x000000070fa00000, 0x000000070fa00000| Complete 
| 231|0x000000070fb00000, 0x000000070fc00000, 0x000000070fc00000|100%| E|CS|TAMS 0x000000070fb00000, 0x000000070fb00000| Complete 
| 232|0x000000070fc00000, 0x000000070fd00000, 0x000000070fd00000|100%| E|CS|TAMS 0x000000070fc00000, 0x000000070fc00000| Complete 
| 233|0x000000070fd00000, 0x000000070fe00000, 0x000000070fe00000|100%| E|CS|TAMS 0x000000070fd00000, 0x000000070fd00000| Complete 
| 234|0x000000070fe00000, 0x000000070ff00000, 0x000000070ff00000|100%| E|CS|TAMS 0x000000070fe00000, 0x000000070fe00000| Complete 
| 235|0x000000070ff00000, 0x0000000710000000, 0x0000000710000000|100%| E|CS|TAMS 0x000000070ff00000, 0x000000070ff00000| Complete 
| 236|0x0000000710000000, 0x0000000710100000, 0x0000000710100000|100%| E|CS|TAMS 0x0000000710000000, 0x0000000710000000| Complete 
| 237|0x0000000710100000, 0x0000000710200000, 0x0000000710200000|100%| E|CS|TAMS 0x0000000710100000, 0x0000000710100000| Complete 
| 238|0x0000000710200000, 0x0000000710300000, 0x0000000710300000|100%| E|CS|TAMS 0x0000000710200000, 0x0000000710200000| Complete 
| 239|0x0000000710300000, 0x0000000710400000, 0x0000000710400000|100%| E|CS|TAMS 0x0000000710300000, 0x0000000710300000| Complete 
| 240|0x0000000710400000, 0x0000000710500000, 0x0000000710500000|100%| E|CS|TAMS 0x0000000710400000, 0x0000000710400000| Complete 
| 241|0x0000000710500000, 0x0000000710600000, 0x0000000710600000|100%| E|CS|TAMS 0x0000000710500000, 0x0000000710500000| Complete 
| 242|0x0000000710600000, 0x0000000710700000, 0x0000000710700000|100%| E|CS|TAMS 0x0000000710600000, 0x0000000710600000| Complete 
| 243|0x0000000710700000, 0x0000000710800000, 0x0000000710800000|100%| E|CS|TAMS 0x0000000710700000, 0x0000000710700000| Complete 
| 244|0x0000000710800000, 0x0000000710900000, 0x0000000710900000|100%| E|CS|TAMS 0x0000000710800000, 0x0000000710800000| Complete 
| 245|0x0000000710900000, 0x0000000710a00000, 0x0000000710a00000|100%| E|CS|TAMS 0x0000000710900000, 0x0000000710900000| Complete 
| 246|0x0000000710a00000, 0x0000000710b00000, 0x0000000710b00000|100%| E|CS|TAMS 0x0000000710a00000, 0x0000000710a00000| Complete 
| 247|0x0000000710b00000, 0x0000000710c00000, 0x0000000710c00000|100%| E|CS|TAMS 0x0000000710b00000, 0x0000000710b00000| Complete 
| 248|0x0000000710c00000, 0x0000000710d00000, 0x0000000710d00000|100%| E|CS|TAMS 0x0000000710c00000, 0x0000000710c00000| Complete 
| 249|0x0000000710d00000, 0x0000000710e00000, 0x0000000710e00000|100%| E|CS|TAMS 0x0000000710d00000, 0x0000000710d00000| Complete 
| 250|0x0000000710e00000, 0x0000000710f00000, 0x0000000710f00000|100%| E|CS|TAMS 0x0000000710e00000, 0x0000000710e00000| Complete 
| 251|0x0000000710f00000, 0x0000000711000000, 0x0000000711000000|100%| E|CS|TAMS 0x0000000710f00000, 0x0000000710f00000| Complete 
| 252|0x0000000711000000, 0x0000000711100000, 0x0000000711100000|100%| E|CS|TAMS 0x0000000711000000, 0x0000000711000000| Complete 
| 253|0x0000000711100000, 0x0000000711200000, 0x0000000711200000|100%| E|CS|TAMS 0x0000000711100000, 0x0000000711100000| Complete 
| 254|0x0000000711200000, 0x0000000711300000, 0x0000000711300000|100%| E|CS|TAMS 0x0000000711200000, 0x0000000711200000| Complete 
| 255|0x0000000711300000, 0x0000000711400000, 0x0000000711400000|100%| E|CS|TAMS 0x0000000711300000, 0x0000000711300000| Complete 
| 256|0x0000000711400000, 0x0000000711500000, 0x0000000711500000|100%| E|CS|TAMS 0x0000000711400000, 0x0000000711400000| Complete 
| 257|0x0000000711500000, 0x0000000711600000, 0x0000000711600000|100%| E|CS|TAMS 0x0000000711500000, 0x0000000711500000| Complete 
| 258|0x0000000711600000, 0x0000000711700000, 0x0000000711700000|100%| E|CS|TAMS 0x0000000711600000, 0x0000000711600000| Complete 
| 259|0x0000000711700000, 0x0000000711800000, 0x0000000711800000|100%| E|CS|TAMS 0x0000000711700000, 0x0000000711700000| Complete 
| 260|0x0000000711800000, 0x0000000711900000, 0x0000000711900000|100%| E|CS|TAMS 0x0000000711800000, 0x0000000711800000| Complete 
| 261|0x0000000711900000, 0x0000000711a00000, 0x0000000711a00000|100%| E|CS|TAMS 0x0000000711900000, 0x0000000711900000| Complete 
| 262|0x0000000711a00000, 0x0000000711b00000, 0x0000000711b00000|100%| E|CS|TAMS 0x0000000711a00000, 0x0000000711a00000| Complete 
| 263|0x0000000711b00000, 0x0000000711c00000, 0x0000000711c00000|100%| E|CS|TAMS 0x0000000711b00000, 0x0000000711b00000| Complete 
| 264|0x0000000711c00000, 0x0000000711d00000, 0x0000000711d00000|100%| E|CS|TAMS 0x0000000711c00000, 0x0000000711c00000| Complete 
| 265|0x0000000711d00000, 0x0000000711e00000, 0x0000000711e00000|100%| E|CS|TAMS 0x0000000711d00000, 0x0000000711d00000| Complete 
| 266|0x0000000711e00000, 0x0000000711f00000, 0x0000000711f00000|100%| E|CS|TAMS 0x0000000711e00000, 0x0000000711e00000| Complete 
| 267|0x0000000711f00000, 0x0000000712000000, 0x0000000712000000|100%| E|CS|TAMS 0x0000000711f00000, 0x0000000711f00000| Complete 
| 268|0x0000000712000000, 0x0000000712100000, 0x0000000712100000|100%| E|CS|TAMS 0x0000000712000000, 0x0000000712000000| Complete 
| 269|0x0000000712100000, 0x0000000712200000, 0x0000000712200000|100%| E|CS|TAMS 0x0000000712100000, 0x0000000712100000| Complete 
| 270|0x0000000712200000, 0x0000000712300000, 0x0000000712300000|100%| E|CS|TAMS 0x0000000712200000, 0x0000000712200000| Complete 
| 271|0x0000000712300000, 0x0000000712400000, 0x0000000712400000|100%| E|CS|TAMS 0x0000000712300000, 0x0000000712300000| Complete 
| 272|0x0000000712400000, 0x0000000712500000, 0x0000000712500000|100%| E|CS|TAMS 0x0000000712400000, 0x0000000712400000| Complete 
| 273|0x0000000712500000, 0x0000000712600000, 0x0000000712600000|100%| E|CS|TAMS 0x0000000712500000, 0x0000000712500000| Complete 
| 274|0x0000000712600000, 0x0000000712700000, 0x0000000712700000|100%| E|CS|TAMS 0x0000000712600000, 0x0000000712600000| Complete 
| 275|0x0000000712700000, 0x0000000712800000, 0x0000000712800000|100%| E|CS|TAMS 0x0000000712700000, 0x0000000712700000| Complete 
| 276|0x0000000712800000, 0x0000000712900000, 0x0000000712900000|100%| E|CS|TAMS 0x0000000712800000, 0x0000000712800000| Complete 
| 277|0x0000000712900000, 0x0000000712a00000, 0x0000000712a00000|100%| E|CS|TAMS 0x0000000712900000, 0x0000000712900000| Complete 
| 278|0x0000000712a00000, 0x0000000712b00000, 0x0000000712b00000|100%| E|CS|TAMS 0x0000000712a00000, 0x0000000712a00000| Complete 
| 279|0x0000000712b00000, 0x0000000712c00000, 0x0000000712c00000|100%| E|CS|TAMS 0x0000000712b00000, 0x0000000712b00000| Complete 
| 280|0x0000000712c00000, 0x0000000712d00000, 0x0000000712d00000|100%| E|CS|TAMS 0x0000000712c00000, 0x0000000712c00000| Complete 
| 281|0x0000000712d00000, 0x0000000712e00000, 0x0000000712e00000|100%| E|CS|TAMS 0x0000000712d00000, 0x0000000712d00000| Complete 
| 282|0x0000000712e00000, 0x0000000712f00000, 0x0000000712f00000|100%| E|CS|TAMS 0x0000000712e00000, 0x0000000712e00000| Complete 
| 283|0x0000000712f00000, 0x0000000713000000, 0x0000000713000000|100%| E|CS|TAMS 0x0000000712f00000, 0x0000000712f00000| Complete 
| 284|0x0000000713000000, 0x0000000713100000, 0x0000000713100000|100%| E|CS|TAMS 0x0000000713000000, 0x0000000713000000| Complete 
| 285|0x0000000713100000, 0x0000000713200000, 0x0000000713200000|100%| E|CS|TAMS 0x0000000713100000, 0x0000000713100000| Complete 
| 286|0x0000000713200000, 0x0000000713300000, 0x0000000713300000|100%| E|CS|TAMS 0x0000000713200000, 0x0000000713200000| Complete 
| 287|0x0000000713300000, 0x0000000713400000, 0x0000000713400000|100%| E|CS|TAMS 0x0000000713300000, 0x0000000713300000| Complete 
| 288|0x0000000713400000, 0x0000000713500000, 0x0000000713500000|100%| E|CS|TAMS 0x0000000713400000, 0x0000000713400000| Complete 
| 289|0x0000000713500000, 0x0000000713600000, 0x0000000713600000|100%| E|CS|TAMS 0x0000000713500000, 0x0000000713500000| Complete 
| 290|0x0000000713600000, 0x0000000713700000, 0x0000000713700000|100%| E|CS|TAMS 0x0000000713600000, 0x0000000713600000| Complete 
| 291|0x0000000713700000, 0x0000000713800000, 0x0000000713800000|100%| E|CS|TAMS 0x0000000713700000, 0x0000000713700000| Complete 
| 292|0x0000000713800000, 0x0000000713900000, 0x0000000713900000|100%| E|CS|TAMS 0x0000000713800000, 0x0000000713800000| Complete 
| 293|0x0000000713900000, 0x0000000713a00000, 0x0000000713a00000|100%| E|CS|TAMS 0x0000000713900000, 0x0000000713900000| Complete 
| 294|0x0000000713a00000, 0x0000000713b00000, 0x0000000713b00000|100%| E|CS|TAMS 0x0000000713a00000, 0x0000000713a00000| Complete 
| 295|0x0000000713b00000, 0x0000000713c00000, 0x0000000713c00000|100%| E|CS|TAMS 0x0000000713b00000, 0x0000000713b00000| Complete 
| 296|0x0000000713c00000, 0x0000000713d00000, 0x0000000713d00000|100%| E|CS|TAMS 0x0000000713c00000, 0x0000000713c00000| Complete 
| 297|0x0000000713d00000, 0x0000000713e00000, 0x0000000713e00000|100%| E|CS|TAMS 0x0000000713d00000, 0x0000000713d00000| Complete 
| 298|0x0000000713e00000, 0x0000000713f00000, 0x0000000713f00000|100%| E|CS|TAMS 0x0000000713e00000, 0x0000000713e00000| Complete 
| 299|0x0000000713f00000, 0x0000000714000000, 0x0000000714000000|100%| E|CS|TAMS 0x0000000713f00000, 0x0000000713f00000| Complete 
| 300|0x0000000714000000, 0x0000000714100000, 0x0000000714100000|100%| E|CS|TAMS 0x0000000714000000, 0x0000000714000000| Complete 
| 301|0x0000000714100000, 0x0000000714200000, 0x0000000714200000|100%| E|CS|TAMS 0x0000000714100000, 0x0000000714100000| Complete 
| 302|0x0000000714200000, 0x0000000714300000, 0x0000000714300000|100%| E|CS|TAMS 0x0000000714200000, 0x0000000714200000| Complete 
| 303|0x0000000714300000, 0x0000000714400000, 0x0000000714400000|100%| E|CS|TAMS 0x0000000714300000, 0x0000000714300000| Complete 
| 304|0x0000000714400000, 0x0000000714500000, 0x0000000714500000|100%| E|CS|TAMS 0x0000000714400000, 0x0000000714400000| Complete 
| 305|0x0000000714500000, 0x0000000714600000, 0x0000000714600000|100%| E|CS|TAMS 0x0000000714500000, 0x0000000714500000| Complete 
| 306|0x0000000714600000, 0x0000000714700000, 0x0000000714700000|100%| E|CS|TAMS 0x0000000714600000, 0x0000000714600000| Complete 
| 307|0x0000000714700000, 0x0000000714800000, 0x0000000714800000|100%| E|CS|TAMS 0x0000000714700000, 0x0000000714700000| Complete 

Card table byte_map: [0x0000029779280000,0x0000029779a80000] _byte_map_base: 0x0000029775a76000

Marking Bits (Prev, Next): (CMBitMap*) 0x00000297784ce9d0, (CMBitMap*) 0x00000297784ce998
 Prev Bits: [0x0000029717260000, 0x000002971b210000)
 Next Bits: [0x000002977a280000, 0x000002977e230000)

Polling page: 0x0000029777c30000

Metaspace:

Usage:
  Non-class:     59.70 MB capacity,    58.75 MB ( 98%) used,   774.15 KB (  1%) free+waste,   197.19 KB ( <1%) overhead. 
      Class:      9.15 MB capacity,     8.57 MB ( 94%) used,   498.49 KB (  5%) free+waste,    91.81 KB ( <1%) overhead. 
       Both:     68.85 MB capacity,    67.33 MB ( 98%) used,     1.24 MB (  2%) free+waste,   289.00 KB ( <1%) overhead. 

Virtual space:
  Non-class space:       60.00 MB reserved,      59.92 MB (>99%) committed 
      Class space:        1.00 GB reserved,       9.24 MB ( <1%) committed 
             Both:        1.06 GB reserved,      69.16 MB (  6%) committed 

Chunk freelists:
   Non-Class:  3.50 KB
       Class:  768 bytes
        Both:  4.25 KB

CodeHeap 'non-profiled nmethods': size=120000Kb used=4257Kb max_used=4257Kb free=115743Kb
 bounds [0x000002970fd30000, 0x0000029710160000, 0x0000029717260000]
CodeHeap 'profiled nmethods': size=120000Kb used=13884Kb max_used=13884Kb free=106115Kb
 bounds [0x0000029708800000, 0x00000297095a0000, 0x000002970fd30000]
CodeHeap 'non-nmethods': size=5760Kb used=1244Kb max_used=1297Kb free=4515Kb
 bounds [0x0000029708260000, 0x00000297084d0000, 0x0000029708800000]
 total_blobs=7685 nmethods=5503 adapters=521
 compilation: enabled
              stopped_count=0, restarted_count=0
 full_count=0

Compilation events (10 events):
Event: 35.849 Thread 0x000002977f900800 nmethod 5635 0x000002970958f410 code [0x000002970958f660, 0x000002970958fe60]
Event: 36.149 Thread 0x000002977f900800 5636       3       java.util.concurrent.ScheduledThreadPoolExecutor$DelayedWorkQueue::setIndex (16 bytes)
Event: 36.150 Thread 0x000002977f900800 nmethod 5636 0x0000029709590190 code [0x0000029709590360, 0x00000297095906d8]
Event: 37.156 Thread 0x000002977f900800 5637       1       java.nio.channels.spi.AbstractSelector::cancelledKeys (5 bytes)
Event: 37.156 Thread 0x000002977f900800 nmethod 5637 0x0000029710158090 code [0x0000029710158240, 0x0000029710158358]
Event: 39.149 Thread 0x000002977f900800 5638       3       java.util.concurrent.locks.LockSupport::setBlocker (12 bytes)
Event: 39.149 Thread 0x000002977f900800 nmethod 5638 0x0000029709590790 code [0x0000029709590940, 0x0000029709590ad8]
Event: 41.463 Thread 0x000002977f900800 5639       3       java.util.IdentityHashMap::capacity (29 bytes)
Event: 41.463 Thread 0x000002977f8f7000 5640   !   4       org.springframework.util.ConcurrentReferenceHashMap$Segment::restructureIfNecessary (367 bytes)
Event: 41.463 Thread 0x000002977f900800 nmethod 5639 0x0000029709590b90 code [0x0000029709590d60, 0x0000029709590ff0]

GC Heap History (10 events):
Event: 0.982 GC heap before
{Heap before GC invocations=1 (full 0):
 garbage-first heap   total 262144K, used 86047K [0x0000000701400000, 0x0000000800000000)
  region size 1024K, 83 young (84992K), 3 survivors (3072K)
 Metaspace       used 20511K, capacity 20984K, committed 21248K, reserved 1069056K
  class space    used 2368K, capacity 2535K, committed 2560K, reserved 1048576K
}
Event: 0.988 GC heap after
{Heap after GC invocations=2 (full 0):
 garbage-first heap   total 262144K, used 8364K [0x0000000701400000, 0x0000000800000000)
  region size 1024K, 6 young (6144K), 6 survivors (6144K)
 Metaspace       used 20511K, capacity 20984K, committed 21248K, reserved 1069056K
  class space    used 2368K, capacity 2535K, committed 2560K, reserved 1048576K
}
Event: 1.413 GC heap before
{Heap before GC invocations=3 (full 0):
 garbage-first heap   total 262144K, used 90284K [0x0000000701400000, 0x0000000800000000)
  region size 1024K, 87 young (89088K), 6 survivors (6144K)
 Metaspace       used 29208K, capacity 29811K, committed 30080K, reserved 1075200K
  class space    used 3358K, capacity 3627K, committed 3712K, reserved 1048576K
}
Event: 1.417 GC heap after
{Heap after GC invocations=4 (full 0):
 garbage-first heap   total 262144K, used 11081K [0x0000000701400000, 0x0000000800000000)
  region size 1024K, 8 young (8192K), 8 survivors (8192K)
 Metaspace       used 29208K, capacity 29811K, committed 30080K, reserved 1075200K
  class space    used 3358K, capacity 3627K, committed 3712K, reserved 1048576K
}
Event: 1.990 GC heap before
{Heap before GC invocations=4 (full 0):
 garbage-first heap   total 262144K, used 79689K [0x0000000701400000, 0x0000000800000000)
  region size 1024K, 76 young (77824K), 8 survivors (8192K)
 Metaspace       used 34669K, capacity 35511K, committed 35628K, reserved 1081344K
  class space    used 4076K, capacity 4451K, committed 4480K, reserved 1048576K
}
Event: 2.001 GC heap after
{Heap after GC invocations=5 (full 0):
 garbage-first heap   total 262144K, used 14367K [0x0000000701400000, 0x0000000800000000)
  region size 1024K, 11 young (11264K), 11 survivors (11264K)
 Metaspace       used 34669K, capacity 35511K, committed 35628K, reserved 1081344K
  class space    used 4076K, capacity 4451K, committed 4480K, reserved 1048576K
}
Event: 3.122 GC heap before
{Heap before GC invocations=6 (full 0):
 garbage-first heap   total 262144K, used 158751K [0x0000000701400000, 0x0000000800000000)
  region size 1024K, 153 young (156672K), 11 survivors (11264K)
 Metaspace       used 44113K, capacity 45195K, committed 45484K, reserved 1089536K
  class space    used 5151K, capacity 5575K, committed 5632K, reserved 1048576K
}
Event: 3.130 GC heap after
{Heap after GC invocations=7 (full 0):
 garbage-first heap   total 262144K, used 19569K [0x0000000701400000, 0x0000000800000000)
  region size 1024K, 14 young (14336K), 14 survivors (14336K)
 Metaspace       used 44113K, capacity 45195K, committed 45484K, reserved 1089536K
  class space    used 5151K, capacity 5575K, committed 5632K, reserved 1048576K
}
Event: 4.083 GC heap before
{Heap before GC invocations=7 (full 0):
 garbage-first heap   total 262144K, used 86129K [0x0000000701400000, 0x0000000800000000)
  region size 1024K, 80 young (81920K), 14 survivors (14336K)
 Metaspace       used 58449K, capacity 59662K, committed 59808K, reserved 1101824K
  class space    used 7357K, capacity 7834K, committed 7924K, reserved 1048576K
}
Event: 4.100 GC heap after
{Heap after GC invocations=8 (full 0):
 garbage-first heap   total 315392K, used 22532K [0x0000000701400000, 0x0000000800000000)
  region size 1024K, 12 young (12288K), 12 survivors (12288K)
 Metaspace       used 58449K, capacity 59662K, committed 59808K, reserved 1101824K
  class space    used 7357K, capacity 7834K, committed 7924K, reserved 1048576K
}

Deoptimization events (10 events):
Event: 5.114 Thread 0x000002971d2bb000 Uncommon trap: reason=predicate action=maybe_recompile pc=0x00000297100f716c method=java.util.AbstractCollection.toArray([Ljava/lang/Object;)[Ljava/lang/Object; @ 43 c2
Event: 5.130 Thread 0x000002971d2bb000 Uncommon trap: reason=unstable_if action=reinterpret pc=0x00000297100898f8 method=org.springframework.util.ConcurrentReferenceHashMap$Segment.clear()V @ 4 c2
Event: 5.154 Thread 0x000002971d2bb000 Uncommon trap: reason=class_check action=maybe_recompile pc=0x0000029710087e70 method=org.springframework.util.ConcurrentReferenceHashMap$ReferenceManager.pollForPurge()Lorg/springframework/util/ConcurrentReferenceHashMap$Reference; @ 7 c2
Event: 5.154 Thread 0x000002971d2bb000 Uncommon trap: reason=class_check action=maybe_recompile pc=0x0000029710087e70 method=org.springframework.util.ConcurrentReferenceHashMap$ReferenceManager.pollForPurge()Lorg/springframework/util/ConcurrentReferenceHashMap$Reference; @ 7 c2
Event: 5.154 Thread 0x000002971d2bb000 Uncommon trap: reason=class_check action=maybe_recompile pc=0x0000029710087e70 method=org.springframework.util.ConcurrentReferenceHashMap$ReferenceManager.pollForPurge()Lorg/springframework/util/ConcurrentReferenceHashMap$Reference; @ 7 c2
Event: 5.154 Thread 0x000002971d2bb000 Uncommon trap: reason=class_check action=maybe_recompile pc=0x0000029710087e70 method=org.springframework.util.ConcurrentReferenceHashMap$ReferenceManager.pollForPurge()Lorg/springframework/util/ConcurrentReferenceHashMap$Reference; @ 7 c2
Event: 6.117 Thread 0x0000029720f6b000 Uncommon trap: reason=bimorphic_or_optimized_type_check action=maybe_recompile pc=0x000002970ff7f510 method=java.util.AbstractCollection.containsAll(Ljava/util/Collection;)Z @ 25 c2
Event: 6.117 Thread 0x0000029720f6b000 Uncommon trap: reason=bimorphic_or_optimized_type_check action=maybe_recompile pc=0x000002970ff7f510 method=java.util.AbstractCollection.containsAll(Ljava/util/Collection;)Z @ 25 c2
Event: 7.124 Thread 0x0000029720f6b000 Uncommon trap: reason=bimorphic_or_optimized_type_check action=maybe_recompile pc=0x000002970ff7f510 method=java.util.AbstractCollection.containsAll(Ljava/util/Collection;)Z @ 25 c2
Event: 7.124 Thread 0x0000029720f6b000 Uncommon trap: reason=bimorphic_or_optimized_type_check action=maybe_recompile pc=0x000002970ff7f510 method=java.util.AbstractCollection.containsAll(Ljava/util/Collection;)Z @ 25 c2

Classes redefined (0 events):
No events

Internal exceptions (10 events):
Event: 4.684 Thread 0x000002971d2bb000 Exception <a 'java/lang/ClassNotFoundException'{0x00000007116346f0}: org/springframework/context/annotation/ConfigurationClassEnhancer$EnhancedConfigurationCustomizer> (0x00000007116346f0) thrown at [t:/workspace/open/src/hotspot/share/classfile/systemDic
Event: 4.684 Thread 0x000002971d2bb000 Exception <a 'java/lang/ClassNotFoundException'{0x0000000711640750}: org/springframework/beans/factory/BeanFactoryAwareCustomizer> (0x0000000711640750) thrown at [t:/workspace/open/src/hotspot/share/classfile/systemDictionary.cpp, line 231]
Event: 4.684 Thread 0x000002971d2bb000 Exception <a 'java/lang/ClassNotFoundException'{0x000000071164c5e0}: org/springframework/beans/factory/AwareCustomizer> (0x000000071164c5e0) thrown at [t:/workspace/open/src/hotspot/share/classfile/systemDictionary.cpp, line 231]
Event: 4.684 Thread 0x000002971d2bb000 Exception <a 'java/lang/ClassNotFoundException'{0x0000000711658598}: org/springframework/context/annotation/ImportAwareCustomizer> (0x0000000711658598) thrown at [t:/workspace/open/src/hotspot/share/classfile/systemDictionary.cpp, line 231]
Event: 4.685 Thread 0x000002971d2bb000 Exception <a 'java/lang/ClassNotFoundException'{0x0000000711663f18}: org/springframework/beans/factory/AwareCustomizer> (0x0000000711663f18) thrown at [t:/workspace/open/src/hotspot/share/classfile/systemDictionary.cpp, line 231]
Event: 4.685 Thread 0x000002971d2bb000 Exception <a 'java/lang/ClassNotFoundException'{0x0000000711670110}: org/springframework/beans/factory/BeanClassLoaderAwareCustomizer> (0x0000000711670110) thrown at [t:/workspace/open/src/hotspot/share/classfile/systemDictionary.cpp, line 231]
Event: 4.685 Thread 0x000002971d2bb000 Exception <a 'java/lang/ClassNotFoundException'{0x000000071167baa0}: org/springframework/beans/factory/AwareCustomizer> (0x000000071167baa0) thrown at [t:/workspace/open/src/hotspot/share/classfile/systemDictionary.cpp, line 231]
Event: 4.898 Thread 0x000002971d2bb000 Exception <a 'java/lang/NoSuchMethodError'{0x000000070ff4d3e0}: java.lang.invoke.DirectMethodHandle$Holder.invokeInterface(Ljava/lang/Object;Ljava/lang/Object;Ljava/lang/Object;Ljava/lang/Object;)Ljava/lang/Object;> (0x000000070ff4d3e0) thrown at [t:/work
Event: 4.975 Thread 0x000002971d2bb000 Exception <a 'java/lang/NoSuchMethodError'{0x000000070f45c588}: java.lang.invoke.DirectMethodHandle$Holder.invokeVirtual(Ljava/lang/Object;Ljava/lang/Object;I)V> (0x000000070f45c588) thrown at [t:/workspace/open/src/hotspot/share/interpreter/linkResolver.
Event: 41.464 Thread 0x0000029720f6c000 Exception <a 'java/lang/StackOverflowError'{0x000000070da80a48}> (0x000000070da80a48) thrown at [t:/workspace/open/src/hotspot/share/interpreter/interpreterRuntime.cpp, line 407]

Events (10 events):
Event: 41.463 Executing VM operation: RevokeBias
Event: 41.464 Executing VM operation: RevokeBias done
Event: 41.464 Thread 0x0000029720f6b000 Thread exited: 0x0000029720f6b000
Event: 41.464 loading class java/lang/Throwable$WrappedPrintStream
Event: 41.464 loading class java/lang/Throwable$PrintStreamOrWriter
Event: 41.464 loading class java/lang/Throwable$PrintStreamOrWriter done
Event: 41.464 loading class java/lang/Throwable$WrappedPrintStream done
Event: 41.464 Executing VM operation: RevokeBias
Event: 41.464 Executing VM operation: RevokeBias done
Event: 41.464 Thread 0x0000029720f6c000 Thread exited: 0x0000029720f6c000


Dynamic libraries:
0x00007ff6de090000 - 0x00007ff6de0d7000 	C:\Program Files\Java\jdk-11.0.3\bin\java.exe
0x00007ffddfd80000 - 0x00007ffddff70000 	C:\Windows\SYSTEM32\ntdll.dll
0x00007ffdc1370000 - 0x00007ffdc1383000 	C:\Program Files\AVAST Software\Avast\aswhook.dll
0x00007ffddfc80000 - 0x00007ffddfd32000 	C:\Windows\System32\KERNEL32.DLL
0x00007ffddcd10000 - 0x00007ffddcfb5000 	C:\Windows\System32\KERNELBASE.dll
0x00007ffddfb60000 - 0x00007ffddfc03000 	C:\Windows\System32\ADVAPI32.dll
0x00007ffdde340000 - 0x00007ffdde3de000 	C:\Windows\System32\msvcrt.dll
0x00007ffddee00000 - 0x00007ffddee97000 	C:\Windows\System32\sechost.dll
0x00007ffddec80000 - 0x00007ffddeda0000 	C:\Windows\System32\RPCRT4.dll
0x00007ffddf3e0000 - 0x00007ffddf575000 	C:\Windows\System32\USER32.dll
0x00007ffdddbd0000 - 0x00007ffdddbf1000 	C:\Windows\System32\win32u.dll
0x00007ffddf5e0000 - 0x00007ffddf606000 	C:\Windows\System32\GDI32.dll
0x00007ffddcfc0000 - 0x00007ffddd156000 	C:\Windows\System32\gdi32full.dll
0x00007ffddd280000 - 0x00007ffddd31e000 	C:\Windows\System32\msvcp_win.dll
0x00007ffddd180000 - 0x00007ffddd27a000 	C:\Windows\System32\ucrtbase.dll
0x00007ffdd1260000 - 0x00007ffdd14e4000 	C:\Windows\WinSxS\amd64_microsoft.windows.common-controls_6595b64144ccf1df_6.0.18362.1082_none_9e8193e1e45b25c1\COMCTL32.dll
0x00007ffdddfa0000 - 0x00007ffdde2d5000 	C:\Windows\System32\combase.dll
0x00007ffddd370000 - 0x00007ffddd3f0000 	C:\Windows\System32\bcryptPrimitives.dll
0x00007ffdd65c0000 - 0x00007ffdd65ca000 	C:\Windows\SYSTEM32\VERSION.dll
0x00007ffddfa80000 - 0x00007ffddfaae000 	C:\Windows\System32\IMM32.DLL
0x00007ffdd8850000 - 0x00007ffdd8866000 	C:\Program Files\Java\jdk-11.0.3\bin\vcruntime140.dll
0x00007ffdd26c0000 - 0x00007ffdd276a000 	C:\Program Files\Java\jdk-11.0.3\bin\msvcp140.dll
0x00007ffdac110000 - 0x00007ffdacc37000 	C:\Program Files\Java\jdk-11.0.3\bin\server\jvm.dll
0x00007ffdddec0000 - 0x00007ffdddec8000 	C:\Windows\System32\PSAPI.DLL
0x00007ffdcb770000 - 0x00007ffdcb779000 	C:\Windows\SYSTEM32\WSOCK32.dll
0x00007ffddf370000 - 0x00007ffddf3df000 	C:\Windows\System32\WS2_32.dll
0x00007ffdda280000 - 0x00007ffdda2a4000 	C:\Windows\SYSTEM32\WINMM.dll
0x00007ffdda250000 - 0x00007ffdda27d000 	C:\Windows\SYSTEM32\WINMMBASE.dll
0x00007ffddd320000 - 0x00007ffddd36a000 	C:\Windows\System32\cfgmgr32.dll
0x00007ffddcc50000 - 0x00007ffddcc61000 	C:\Windows\System32\kernel.appcore.dll
0x00007ffdd8710000 - 0x00007ffdd8721000 	C:\Program Files\Java\jdk-11.0.3\bin\verify.dll
0x00007ffddb500000 - 0x00007ffddb6f4000 	C:\Windows\SYSTEM32\DBGHELP.DLL
0x00007ffdd3e00000 - 0x00007ffdd3e2a000 	C:\Windows\SYSTEM32\dbgcore.DLL
0x00007ffdd7f00000 - 0x00007ffdd7f29000 	C:\Program Files\Java\jdk-11.0.3\bin\java.dll
0x00007ffdd2490000 - 0x00007ffdd24bf000 	C:\Program Files\Java\jdk-11.0.3\bin\instrument.dll
0x00007ffdd8040000 - 0x00007ffdd8056000 	C:\Program Files\Java\jdk-11.0.3\bin\zip.dll
0x00007ffdd9bc0000 - 0x00007ffdd9bca000 	C:\Program Files\Java\jdk-11.0.3\bin\jimage.dll
0x00007ffdde590000 - 0x00007ffddec77000 	C:\Windows\System32\SHELL32.dll
0x00007ffddf170000 - 0x00007ffddf219000 	C:\Windows\System32\shcore.dll
0x00007ffddd3f0000 - 0x00007ffdddb70000 	C:\Windows\System32\windows.storage.dll
0x00007ffddcc90000 - 0x00007ffddccb3000 	C:\Windows\System32\profapi.dll
0x00007ffddccc0000 - 0x00007ffddcd0a000 	C:\Windows\System32\powrprof.dll
0x00007ffddcc40000 - 0x00007ffddcc50000 	C:\Windows\System32\UMPDC.dll
0x00007ffdde2e0000 - 0x00007ffdde332000 	C:\Windows\System32\shlwapi.dll
0x00007ffddd160000 - 0x00007ffddd177000 	C:\Windows\System32\cryptsp.dll
0x00007ffdd75a0000 - 0x00007ffdd75b9000 	C:\Program Files\Java\jdk-11.0.3\bin\net.dll
0x00007ffdd1bf0000 - 0x00007ffdd1ce0000 	C:\Windows\SYSTEM32\WINHTTP.dll
0x00007ffdd0ed0000 - 0x00007ffdd10a6000 	C:\Windows\SYSTEM32\urlmon.dll
0x00007ffdd0780000 - 0x00007ffdd0a26000 	C:\Windows\SYSTEM32\iertutil.dll
0x00007ffddc5c0000 - 0x00007ffddc5cc000 	C:\Windows\SYSTEM32\CRYPTBASE.DLL
0x00007ffddc440000 - 0x00007ffddc4a7000 	C:\Windows\system32\mswsock.dll
0x00007ffdd7400000 - 0x00007ffdd7413000 	C:\Program Files\Java\jdk-11.0.3\bin\nio.dll
0x00007ffdd9b70000 - 0x00007ffdd9b8a000 	C:\Program Files\JetBrains\IntelliJ_IDEA_Community_Edition_2020-1\bin\breakgen64.dll
0x00007ffdd9bb0000 - 0x00007ffdd9bb9000 	C:\Program Files\Java\jdk-11.0.3\bin\management.dll
0x00007ffdd9170000 - 0x00007ffdd917c000 	C:\Program Files\Java\jdk-11.0.3\bin\management_ext.dll
0x00007ffdc1b50000 - 0x00007ffdc1b66000 	C:\Windows\system32\napinsp.dll
0x00007ffdc1b10000 - 0x00007ffdc1b2a000 	C:\Windows\system32\pnrpnsp.dll
0x00007ffddc1a0000 - 0x00007ffddc26b000 	C:\Windows\SYSTEM32\DNSAPI.dll
0x00007ffddde30000 - 0x00007ffddde38000 	C:\Windows\System32\NSI.dll
0x00007ffddc160000 - 0x00007ffddc19a000 	C:\Windows\SYSTEM32\IPHLPAPI.DLL
0x00007ffdc1610000 - 0x00007ffdc161e000 	C:\Windows\System32\winrnr.dll
0x00007ffdd9150000 - 0x00007ffdd916c000 	C:\Windows\system32\NLAapi.dll
0x00007ffdc4c10000 - 0x00007ffdc4c25000 	C:\Windows\system32\wshbth.dll
0x00007ffdd1730000 - 0x00007ffdd173a000 	C:\Windows\System32\rasadhlp.dll
0x00007ffdd3b80000 - 0x00007ffdd3bf7000 	C:\Windows\System32\fwpuclnt.dll
0x00007ffdddcb0000 - 0x00007ffdddcd6000 	C:\Windows\System32\bcrypt.dll
0x00007ffddbfc0000 - 0x00007ffddbff3000 	C:\Windows\system32\rsaenh.dll
0x00007ffddcb60000 - 0x00007ffddcb85000 	C:\Windows\SYSTEM32\USERENV.dll
0x00007ffdd3e70000 - 0x00007ffdd3e86000 	C:\Windows\SYSTEM32\dhcpcsvc6.DLL
0x00007ffdd3e30000 - 0x00007ffdd3e4c000 	C:\Windows\SYSTEM32\dhcpcsvc.DLL

dbghelp: loaded successfully - version: 4.0.5 - missing functions: none
symbol engine: initialized successfully - sym options: 0x614 - pdb path: .;C:\Program Files\Java\jdk-11.0.3\bin;C:\Windows\SYSTEM32;C:\Program Files\AVAST Software\Avast;C:\Windows\WinSxS\amd64_microsoft.windows.common-controls_6595b64144ccf1df_6.0.18362.1082_none_9e8193e1e45b25c1;C:\Program Files\Java\jdk-11.0.3\bin\server;C:\Program Files\JetBrains\IntelliJ_IDEA_Community_Edition_2020-1\bin

VM Arguments:
jvm_args: -javaagent:C:\Program Files\JetBrains\IntelliJ_IDEA_Community_Edition_2020-1\lib\idea_rt.jar=7597:C:\Program Files\JetBrains\IntelliJ_IDEA_Community_Edition_2020-1\bin -Dfile.encoding=UTF-8 
java_command: hu.elte.bplus_tree.BplusTreeApplication
java_class_path (initial): D:\Dokumentumok\ELTE\BSC\SZAKDOGA\Novak_Lilla_U2PMZ2\bplus_tree\target\classes;C:\Users\Lilla\.m2\repository\org\springframework\boot\spring-boot-starter-data-jpa\2.1.8.RELEASE\spring-boot-starter-data-jpa-2.1.8.RELEASE.jar;C:\Users\Lilla\.m2\repository\org\springframework\boot\spring-boot-starter-aop\2.1.8.RELEASE\spring-boot-starter-aop-2.1.8.RELEASE.jar;C:\Users\Lilla\.m2\repository\org\aspectj\aspectjweaver\1.9.4\aspectjweaver-1.9.4.jar;C:\Users\Lilla\.m2\repository\org\springframework\boot\spring-boot-starter-jdbc\2.1.8.RELEASE\spring-boot-starter-jdbc-2.1.8.RELEASE.jar;C:\Users\Lilla\.m2\repository\com\zaxxer\HikariCP\3.2.0\HikariCP-3.2.0.jar;C:\Users\Lilla\.m2\repository\org\springframework\spring-jdbc\5.1.9.RELEASE\spring-jdbc-5.1.9.RELEASE.jar;C:\Users\Lilla\.m2\repository\javax\transaction\javax.transaction-api\1.3\javax.transaction-api-1.3.jar;C:\Users\Lilla\.m2\repository\javax\xml\bind\jaxb-api\2.3.1\jaxb-api-2.3.1.jar;C:\Users\Lilla\.m2\repository\javax\activation\javax.activation-api\1.2.0\javax.activation-api-1.2.0.jar;C:\Users\Lilla\.m2\repository\org\hibernate\hibernate-core\5.3.11.Final\hibernate-core-5.3.11.Final.jar;C:\Users\Lilla\.m2\repository\org\jboss\logging\jboss-logging\3.3.3.Final\jboss-logging-3.3.3.Final.jar;C:\Users\Lilla\.m2\repository\javax\persistence\javax.persistence-api\2.2\javax.persistence-api-2.2.jar;C:\Users\Lilla\.m2\repository\org\javassist\javassist\3.23.2-GA\javassist-3.23.2-GA.jar;C:\Users\Lilla\.m2\repository\net\bytebuddy\byte-buddy\1.9.16\byte-buddy-1.9.16.jar;C:\Users\Lilla\.m2\repository\antlr\antlr\2.7.7\antlr-2.7.7.jar;C:\Users\Lilla\.m2\repository\org\jboss\jandex\2.0.5.Final\jandex-2.0.5.Final.jar;C:\Users\Lilla\.m2\repository\com\fasterxml\classmate\1.4.0\classmate-1.4.0.jar;C:\Users\Lilla\.m2\repository\org\dom4j\dom4j\2.1.1\dom4j-2.1.1.jar;C:\Users\Lilla\.m2\repository\org\hibernate\common\hibernate-commons-annotations\5.0.4.Final\hibernate-commons-annotations-5.0.4.Final.jar;C:\
Launcher Type: SUN_STANDARD

[Global flags]
     intx CICompilerCount                          = 4                                         {product} {ergonomic}
     uint ConcGCThreads                            = 3                                         {product} {ergonomic}
     uint G1ConcRefinementThreads                  = 10                                        {product} {ergonomic}
   size_t G1HeapRegionSize                         = 1048576                                   {product} {ergonomic}
    uintx GCDrainStackTargetSize                   = 64                                        {product} {ergonomic}
   size_t InitialHeapSize                          = 268435456                                 {product} {ergonomic}
   size_t MarkStackSize                            = 4194304                                   {product} {ergonomic}
   size_t MaxHeapSize                              = 4273995776                                {product} {ergonomic}
   size_t MaxNewSize                               = 2563768320                                {product} {ergonomic}
   size_t MinHeapDeltaBytes                        = 1048576                                   {product} {ergonomic}
    uintx NonNMethodCodeHeapSize                   = 5835340                                {pd product} {ergonomic}
    uintx NonProfiledCodeHeapSize                  = 122911450                              {pd product} {ergonomic}
    uintx ProfiledCodeHeapSize                     = 122911450                              {pd product} {ergonomic}
    uintx ReservedCodeCacheSize                    = 251658240                              {pd product} {ergonomic}
     bool SegmentedCodeCache                       = true                                      {product} {ergonomic}
     bool UseCompressedClassPointers               = true                                 {lp64_product} {ergonomic}
     bool UseCompressedOops                        = true                                 {lp64_product} {ergonomic}
     bool UseG1GC                                  = true                                      {product} {ergonomic}
     bool UseLargePagesIndividualAllocation        = false                                  {pd product} {ergonomic}

Logging:
Log output configuration:
 #0: stdout all=warning uptime,level,tags
 #1: stderr all=off uptime,level,tags

Environment Variables:
PATH=C:\Program Files (x86)\Common Files\Oracle\Java\javapath;C:\Windows\system32;C:\Windows;C:\Windows\System32\Wbem;C:\Windows\System32\WindowsPowerShell\v1.0\;C:\Windows\System32\OpenSSH\;C:\Program Files\NVIDIA Corporation\NVIDIA NvDLISR;C:\Program Files (x86)\NVIDIA Corporation\PhysX\Common;C:\Program Files\PuTTY\;C:\Program Files\Git\cmd;C:\Program Files\Git\bin\;C:\Program Files\Java\jdk1.8.0_241\bin;C:\Program Files\Java\jdk-11.0.3\bin;C:\Program Files\apache-maven-3.6.3\bin;C:\Program Files\nodejs;C:\Users\Lilla\AppData\Local\Microsoft\WindowsApps;;C:\ProgramData\Microsoft VS Code\bin;C:\Users\Lilla\AppData\Roaming\npm;C:\Program Files\JetBrains\IntelliJ_IDEA_Community_Edition_2020-1\bin;
USERNAME=Lilla
OS=Windows_NT
PROCESSOR_IDENTIFIER=Intel64 Family 6 Model 158 Stepping 10, GenuineIntel



---------------  S Y S T E M  ---------------

OS: Windows 10 , 64 bit Build 18362 (10.0.18362.1082)

CPU:total 12 (initial active 12) (6 cores per cpu, 2 threads per core) family 6 model 158 stepping 10, cmov, cx8, fxsr, mmx, sse, sse2, sse3, ssse3, sse4.1, sse4.2, popcnt, avx, avx2, aes, clmul, erms, 3dnowpref, lzcnt, ht, tsc, tscinvbit, bmi1, bmi2, adx, fma

Memory: 4k page, system-wide physical 16303M (3286M free)
TotalPageFile size 20399M (AvailPageFile size 0M)
current process WorkingSet (physical memory assigned to process): 388M, peak: 452M
current process commit charge ("private bytes"): 531M, peak: 582M

vm_info: Java HotSpot(TM) 64-Bit Server VM (11.0.3+12-LTS) for windows-amd64 JRE (11.0.3+12-LTS), built on Apr  2 2019 12:43:09 by "mach5one" with MS VC++ 15.5 (VS2017)

END.
